# JRE version: OpenJDK Runtime Environment (11.0.8+10) (build 11.0.8+10-b944.6842174)
# Java VM: OpenJDK 64-Bit Server VM (11.0.8+10-b944.6842174, mixed mode, tiered, compressed oops, g1 gc, windows-amd64)
Heap:
 garbage-first heap   total 189440K, used 128046K [0x0000000080000000, 0x0000000100000000)
  region size 1024K, 11 young (11264K), 3 survivors (3072K)
 Metaspace       used 115356K, capacity 118457K, committed 118600K, reserved 1153024K
  class space    used 14479K, capacity 15554K, committed 15564K, reserved 1048576K
GC Heap History (20 events):
Event: 469.547 GC heap before
{Heap before GC invocations=61 (full 0):
 garbage-first heap   total 189440K, used 125830K [0x0000000080000000, 0x0000000100000000)
  region size 1024K, 9 young (9216K), 4 survivors (4096K)
 Metaspace       used 108520K, capacity 111502K, committed 111688K, reserved 1146880K
  class space    used 13698K, capacity 14711K, committed 14796K, reserved 1048576K
}
Event: 469.565 GC heap after
{Heap after GC invocations=62 (full 0):
 garbage-first heap   total 189440K, used 124304K [0x0000000080000000, 0x0000000100000000)
  region size 1024K, 2 young (2048K), 2 survivors (2048K)
 Metaspace       used 108520K, capacity 111502K, committed 111688K, reserved 1146880K
  class space    used 13698K, capacity 14711K, committed 14796K, reserved 1048576K
}
Event: 472.137 GC heap before
{Heap before GC invocations=62 (full 0):
 garbage-first heap   total 189440K, used 147856K [0x0000000080000000, 0x0000000100000000)
  region size 1024K, 25 young (25600K), 2 survivors (2048K)
 Metaspace       used 110910K, capacity 113879K, committed 113992K, reserved 1148928K
  class space    used 13996K, capacity 15013K, committed 15052K, reserved 1048576K
}
Event: 472.153 GC heap after
{Heap after GC invocations=63 (full 0):
 garbage-first heap   total 189440K, used 126156K [0x0000000080000000, 0x0000000100000000)
  region size 1024K, 4 young (4096K), 4 survivors (4096K)
 Metaspace       used 110910K, capacity 113879K, committed 113992K, reserved 1148928K
  class space    used 13996K, capacity 15013K, committed 15052K, reserved 1048576K
}
Event: 475.321 GC heap before
{Heap before GC invocations=64 (full 0):
 garbage-first heap   total 189440K, used 164044K [0x0000000080000000, 0x0000000100000000)
  region size 1024K, 27 young (27648K), 4 survivors (4096K)
 Metaspace       used 112281K, capacity 115285K, committed 115400K, reserved 1148928K
  class space    used 14138K, capacity 15158K, committed 15180K, reserved 1048576K
}
Event: 475.346 GC heap after
{Heap after GC invocations=65 (full 0):
 garbage-first heap   total 189440K, used 127569K [0x0000000080000000, 0x0000000100000000)
  region size 1024K, 4 young (4096K), 4 survivors (4096K)
 Metaspace       used 112281K, capacity 115285K, committed 115400K, reserved 1148928K
  class space    used 14138K, capacity 15158K, committed 15180K, reserved 1048576K
}
Event: 475.945 GC heap before
{Heap before GC invocations=65 (full 0):
 garbage-first heap   total 189440K, used 132689K [0x0000000080000000, 0x0000000100000000)
  region size 1024K, 9 young (9216K), 4 survivors (4096K)
 Metaspace       used 112738K, capacity 115816K, committed 116040K, reserved 1150976K
  class space    used 14201K, capacity 15267K, committed 15308K, reserved 1048576K
}
Event: 475.957 GC heap after
{Heap after GC invocations=66 (full 0):
 garbage-first heap   total 189440K, used 127771K [0x0000000080000000, 0x0000000100000000)
  region size 1024K, 1 young (1024K), 1 survivors (1024K)
 Metaspace       used 112738K, capacity 115816K, committed 116040K, reserved 1150976K
  class space    used 14201K, capacity 15267K, committed 15308K, reserved 1048576K
}
Event: 477.874 GC heap before
{Heap before GC invocations=66 (full 0):
 garbage-first heap   total 189440K, used 151323K [0x0000000080000000, 0x0000000100000000)
  region size 1024K, 25 young (25600K), 1 survivors (1024K)
 Metaspace       used 113876K, capacity 117000K, committed 117192K, reserved 1150976K
  class space    used 14324K, capacity 15379K, committed 15436K, reserved 1048576K
}
Event: 477.881 GC heap after
{Heap after GC invocations=67 (full 0):
 garbage-first heap   total 189440K, used 128057K [0x0000000080000000, 0x0000000100000000)
  region size 1024K, 1 young (1024K), 1 survivors (1024K)
 Metaspace       used 113876K, capacity 117000K, committed 117192K, reserved 1150976K
  class space    used 14324K, capacity 15379K, committed 15436K, reserved 1048576K
}
Event: 479.576 GC heap before
{Heap before GC invocations=68 (full 0):
 garbage-first heap   total 189440K, used 148537K [0x0000000080000000, 0x0000000100000000)
  region size 1024K, 26 young (26624K), 1 survivors (1024K)
 Metaspace       used 114390K, capacity 117486K, committed 117704K, reserved 1150976K
  class space    used 14374K, capacity 15426K, committed 15436K, reserved 1048576K
}
Event: 479.586 GC heap after
{Heap after GC invocations=69 (full 0):
 garbage-first heap   total 189440K, used 124800K [0x0000000080000000, 0x0000000100000000)
  region size 1024K, 2 young (2048K), 2 survivors (2048K)
 Metaspace       used 114390K, capacity 117486K, committed 117704K, reserved 1150976K
  class space    used 14374K, capacity 15426K, committed 15436K, reserved 1048576K
}
Event: 479.785 GC heap before
{Heap before GC invocations=69 (full 0):
 garbage-first heap   total 189440K, used 130944K [0x0000000080000000, 0x0000000100000000)
  region size 1024K, 9 young (9216K), 2 survivors (2048K)
 Metaspace       used 114392K, capacity 117486K, committed 117704K, reserved 1150976K
  class space    used 14374K, capacity 15426K, committed 15436K, reserved 1048576K
}
Event: 479.808 GC heap after
{Heap after GC invocations=70 (full 0):
 garbage-first heap   total 189440K, used 115285K [0x0000000080000000, 0x0000000100000000)
  region size 1024K, 1 young (1024K), 1 survivors (1024K)
 Metaspace       used 114392K, capacity 117486K, committed 117704K, reserved 1150976K
  class space    used 14374K, capacity 15426K, committed 15436K, reserved 1048576K
}
Event: 481.433 GC heap before
{Heap before GC invocations=70 (full 0):
 garbage-first heap   total 189440K, used 147029K [0x0000000080000000, 0x0000000100000000)
  region size 1024K, 33 young (33792K), 1 survivors (1024K)
 Metaspace       used 115139K, capacity 118242K, committed 118344K, reserved 1153024K
  class space    used 14450K, capacity 15501K, committed 15564K, reserved 1048576K
}
Event: 481.448 GC heap after
{Heap after GC invocations=71 (full 0):
 garbage-first heap   total 189440K, used 118094K [0x0000000080000000, 0x0000000100000000)
  region size 1024K, 4 young (4096K), 4 survivors (4096K)
 Metaspace       used 115139K, capacity 118242K, committed 118344K, reserved 1153024K
  class space    used 14450K, capacity 15501K, committed 15564K, reserved 1048576K
}
Event: 482.821 GC heap before
{Heap before GC invocations=72 (full 0):
 garbage-first heap   total 189440K, used 149838K [0x0000000080000000, 0x0000000100000000)
  region size 1024K, 36 young (36864K), 4 survivors (4096K)
 Metaspace       used 115255K, capacity 118365K, committed 118600K, reserved 1153024K
  class space    used 14466K, capacity 15545K, committed 15564K, reserved 1048576K
}
Event: 482.836 GC heap after
{Heap after GC invocations=73 (full 0):
 garbage-first heap   total 189440K, used 119704K [0x0000000080000000, 0x0000000100000000)
  region size 1024K, 2 young (2048K), 2 survivors (2048K)
 Metaspace       used 115255K, capacity 118365K, committed 118600K, reserved 1153024K
  class space    used 14466K, capacity 15545K, committed 15564K, reserved 1048576K
}
Event: 484.385 GC heap before
{Heap before GC invocations=73 (full 0):
 garbage-first heap   total 189440K, used 152472K [0x0000000080000000, 0x0000000100000000)
  region size 1024K, 35 young (35840K), 2 survivors (2048K)
 Metaspace       used 115319K, capacity 118377K, committed 118600K, reserved 1153024K
  class space    used 14474K, capacity 15549K, committed 15564K, reserved 1048576K
}
Event: 484.394 GC heap after
{Heap after GC invocations=74 (full 0):
 garbage-first heap   total 189440K, used 120878K [0x0000000080000000, 0x0000000100000000)
  region size 1024K, 3 young (3072K), 3 survivors (3072K)
 Metaspace       used 115319K, capacity 118377K, committed 118600K, reserved 1153024K
  class space    used 14474K, capacity 15549K, committed 15564K, reserved 1048576K
}

